<?xml version="1.0" encoding="UTF-8"?>
<!-- Generated by org.testng.reporters.JUnitXMLReporter -->
<testsuite ignored="0" hostname="KURUCHETI" failures="0" tests="4" name="Test" time="5.832" errors="0" timestamp="2022-06-26T07:37:23 IST">
  <testcase classname="SeleniumGrid.SeleniumGridPractice01" name="test01" time="2.84"/>
  <testcase classname="SeleniumGrid.SeleniumGridPractice2" name="test02" time="3.147"/>
  <testcase classname="SeleniumGrid.SeleniumGridPractice2" name="test03" time="2.597"/>
  <testcase classname="SeleniumGrid.SeleniumGridPractice01" name="test02" time="2.958"/>
</testsuite> <!-- Test -->
