<?xml version="1.0" encoding="UTF-8"?>
<testsuite xmlns:xsi="http://www.w3.org/2001/XMLSchema-instance" xsi:noNamespaceSchemaLocation="https://maven.apache.org/surefire/maven-surefire-plugin/xsd/surefire-test-report-3.0.xsd" version="3.0" name="TestSuite" time="6.34" tests="4" errors="0" skipped="0" failures="0">
  <properties>
[...]
</properties>
  <testcase name="test01" classname="SeleniumGrid.SeleniumGridPractice01" time="2.849">
    <system-out><![CDATA[Test04
chrome
Facebook – log in or sign up
]]></system-out>
    <system-err><![CDATA[Jun 26, 2022 7:37:19 AM org.openqa.selenium.remote.ProtocolHandshake createSession
INFO: Detected dialect: W3C
Jun 26, 2022 7:37:19 AM org.openqa.selenium.remote.ProtocolHandshake createSession
INFO: Detected dialect: W3C
]]></system-err>
  </testcase>
  <testcase name="test02" classname="SeleniumGrid.SeleniumGridPractice01" time="2.658">
    <system-out><![CDATA[chrome
Google
]]></system-out>
  </testcase>
  <testcase name="test02" classname="SeleniumGrid.SeleniumGridPractice2" time="0.295">
    <system-out><![CDATA[chrome
Google
]]></system-out>
  </testcase>
  <testcase name="test03" classname="SeleniumGrid.SeleniumGridPractice2" time="2.599">
    <system-out><![CDATA[Test03
chrome
Facebook – log in or sign up
]]></system-out>
    <system-err><![CDATA[Jun 26, 2022 7:37:21 AM org.openqa.selenium.remote.ProtocolHandshake createSession
INFO: Detected dialect: W3C
Jun 26, 2022 7:37:22 AM org.openqa.selenium.remote.ProtocolHandshake createSession
INFO: Detected dialect: W3C
]]></system-err>
  </testcase>
</testsuite>