<?xml version="1.0" encoding="UTF-8"?>
<testng-results ignored="0" total="4" passed="4" failed="0" skipped="0">
  <reporter-output>
  </reporter-output>
  <suite started-at="2022-06-26T07:37:17 IST" name="Suite" finished-at="2022-06-26T07:37:23 IST" duration-ms="5832">
    <groups>
    </groups>
    <test started-at="2022-06-26T07:37:17 IST" name="Test" finished-at="2022-06-26T07:37:23 IST" duration-ms="5832">
      <class name="SeleniumGrid.SeleniumGridPractice01">
        <test-method signature="test01()[pri:0, instance:SeleniumGrid.SeleniumGridPractice01@49912c99]" started-at="2022-06-26T07:37:17 IST" name="test01" finished-at="2022-06-26T07:37:20 IST" duration-ms="2840" status="PASS">
          <reporter-output>
          </reporter-output>
        </test-method> <!-- test01 -->
        <test-method signature="test02()[pri:0, instance:SeleniumGrid.SeleniumGridPractice01@49912c99]" started-at="2022-06-26T07:37:20 IST" name="test02" finished-at="2022-06-26T07:37:23 IST" duration-ms="2958" status="PASS">
          <reporter-output>
          </reporter-output>
        </test-method> <!-- test02 -->
      </class> <!-- SeleniumGrid.SeleniumGridPractice01 -->
      <class name="SeleniumGrid.SeleniumGridPractice2">
        <test-method signature="test02()[pri:0, instance:SeleniumGrid.SeleniumGridPractice2@50b5ac82]" started-at="2022-06-26T07:37:17 IST" name="test02" finished-at="2022-06-26T07:37:20 IST" duration-ms="3147" status="PASS">
          <reporter-output>
          </reporter-output>
        </test-method> <!-- test02 -->
        <test-method signature="test03()[pri:0, instance:SeleniumGrid.SeleniumGridPractice2@50b5ac82]" started-at="2022-06-26T07:37:20 IST" name="test03" finished-at="2022-06-26T07:37:23 IST" duration-ms="2597" status="PASS">
          <reporter-output>
          </reporter-output>
        </test-method> <!-- test03 -->
      </class> <!-- SeleniumGrid.SeleniumGridPractice2 -->
    </test> <!-- Test -->
  </suite> <!-- Suite -->
</testng-results>
