<?xml version="1.0" encoding="UTF-8"?>
<testng-results ignored="0" total="2" passed="2" failed="0" skipped="0">
  <reporter-output>
  </reporter-output>
  <suite started-at="2022-06-26T07:21:01 IST" name="Suite" finished-at="2022-06-26T07:21:04 IST" duration-ms="3352">
    <groups>
    </groups>
    <test started-at="2022-06-26T07:21:01 IST" name="Test" finished-at="2022-06-26T07:21:04 IST" duration-ms="3352">
      <class name="SeleniumGrid.SeleniumGridPractice01">
        <test-method signature="test02()[pri:0, instance:SeleniumGrid.SeleniumGridPractice01@4efc180e]" started-at="2022-06-26T07:21:01 IST" name="test02" finished-at="2022-06-26T07:21:04 IST" duration-ms="3327" status="PASS">
          <reporter-output>
          </reporter-output>
        </test-method> <!-- test02 -->
        <test-method signature="test01()[pri:0, instance:SeleniumGrid.SeleniumGridPractice01@4efc180e]" started-at="2022-06-26T07:21:01 IST" name="test01" finished-at="2022-06-26T07:21:04 IST" duration-ms="2909" status="PASS">
          <reporter-output>
          </reporter-output>
        </test-method> <!-- test01 -->
      </class> <!-- SeleniumGrid.SeleniumGridPractice01 -->
    </test> <!-- Test -->
  </suite> <!-- Suite -->
</testng-results>
